{
  message: 'тип Unable to compile TypeScript:\n' +
    "\x1B[96msrc/users/services/sessions.service.ts\x1B[0m:\x1B[93m121\x1B[0m:\x1B[93m47\x1B[0m - \x1B[91merror\x1B[0m\x1B[90m TS2339: \x1B[0mProperty 'update' does not exist on type 'UsersService'.\r\n" +
    '\r\n' +
    '\x1B[7m121\x1B[0m         const onlineUser = await usersService.update({})\r\n' +
    '\x1B[7m   \x1B[0m \x1B[91m                                              ~~~~~~\x1B[0m\r\n',
  level: 'error',
  timestamp: '2023-09-12 00:52:33'
}
{
  message: 'тип Unable to compile TypeScript:\n' +
    "\x1B[96msrc/users/services/sessions.service.ts\x1B[0m:\x1B[93m121\x1B[0m:\x1B[93m47\x1B[0m - \x1B[91merror\x1B[0m\x1B[90m TS2339: \x1B[0mProperty 'update' does not exist on type 'UsersService'.\r\n" +
    '\r\n' +
    '\x1B[7m121\x1B[0m         const onlineUser = await usersService.update(user.id{})\r\n' +
    '\x1B[7m   \x1B[0m \x1B[91m                                              ~~~~~~\x1B[0m\r\n' +
    "\x1B[96msrc/users/services/sessions.service.ts\x1B[0m:\x1B[93m121\x1B[0m:\x1B[93m61\x1B[0m - \x1B[91merror\x1B[0m\x1B[90m TS1005: \x1B[0m',' expected.\r\n" +
    '\r\n' +
    '\x1B[7m121\x1B[0m         const onlineUser = await usersService.update(user.id{})\r\n' +
    '\x1B[7m   \x1B[0m \x1B[91m                                                            ~\x1B[0m\r\n',
  level: 'error',
  timestamp: '2023-09-12 00:52:46'
}
{
  message: 'тип Unable to compile TypeScript:\n' +
    "\x1B[96msrc/users/services/sessions.service.ts\x1B[0m:\x1B[93m121\x1B[0m:\x1B[93m45\x1B[0m - \x1B[91merror\x1B[0m\x1B[90m TS2339: \x1B[0mProperty 'update' does not exist on type 'UsersService'.\r\n" +
    '\r\n' +
    '\x1B[7m121\x1B[0m       const onlineUser = await usersService.update(user.id, { online: true });\r\n' +
    '\x1B[7m   \x1B[0m \x1B[91m                                            ~~~~~~\x1B[0m\r\n',
  level: 'error',
  timestamp: '2023-09-12 00:53:02'
}
{
  message: 'тип Unable to compile TypeScript:\n' +
    "\x1B[96msrc/users/services/sessions.service.ts\x1B[0m:\x1B[93m121\x1B[0m:\x1B[93m45\x1B[0m - \x1B[91merror\x1B[0m\x1B[90m TS2339: \x1B[0mProperty 'update' does not exist on type 'UsersService'.\r\n" +
    '\r\n' +
    '\x1B[7m121\x1B[0m       const onlineUser = await usersService.update(user.id, { online: true });\r\n' +
    '\x1B[7m   \x1B[0m \x1B[91m                                            ~~~~~~\x1B[0m\r\n' +
    "\x1B[96msrc/users/services/sessions.service.ts\x1B[0m:\x1B[93m122\x1B[0m:\x1B[93m19\x1B[0m - \x1B[91merror\x1B[0m\x1B[90m TS2304: \x1B[0mCannot find name 'usonlier'.\r\n" +
    '\r\n' +
    '\x1B[7m122\x1B[0m       return omit(usonlier, [\r\n' +
    '\x1B[7m   \x1B[0m \x1B[91m                  ~~~~~~~~\x1B[0m\r\n',
  level: 'error',
  timestamp: '2023-09-12 00:53:09'
}
